#
# There is insufficient memory for the Java Runtime Environment to continue.
# Native memory allocation (malloc) failed to allocate 1014304 bytes for Chunk::new
# Possible reasons:
#   The system is out of physical RAM or swap space
#   The process is running with CompressedOops enabled, and the Java Heap may be blocking the growth of the native heap
# Possible solutions:
#   Reduce memory load on the system
#   Increase physical memory or swap space
#   Check if swap backing store is full
#   Decrease Java heap size (-Xmx/-Xms)
#   Decrease number of Java threads
#   Decrease Java thread stack sizes (-Xss)
#   Set larger code cache with -XX:ReservedCodeCacheSize=
#   JVM is running with Unscaled Compressed Oops mode in which the Java heap is
#     placed in the first 4GB address space. The Java Heap base address is the
#     maximum limit for the native heap growth. Please use -XX:HeapBaseMinAddress
#     to set the Java Heap base and to place the Java Heap above 4GB virtual address.
# This output file may be truncated or incomplete.
#
#  Out of Memory Error (arena.cpp:195), pid=11508, tid=20272
#
# JRE version: Java(TM) SE Runtime Environment (16.0.1+9) (build 16.0.1+9-24)
# Java VM: Java HotSpot(TM) 64-Bit Server VM (16.0.1+9-24, mixed mode, sharing, tiered, compressed oops, compressed class ptrs, g1 gc, windows-amd64)
# No core dump will be written. Minidumps are not enabled by default on client versions of Windows
#

---------------  S U M M A R Y ------------

Command Line: -Dfile.encoding=UTF-8 -XX:+ShowCodeDetailsInExceptionMessages HRMS.Hrms.HrmsApplication

Host: Intel(R) Core(TM) i5-8265U CPU @ 1.60GHz, 8 cores, 3G,  Windows 10 , 64 bit Build 19041 (10.0.19041.1023)
Time: Fri Jun 18 00:37:19 2021 Türkiye Standart Saati elapsed time: 14.761304 seconds (0d 0h 0m 14s)

---------------  T H R E A D  ---------------

Current thread (0x0000029a8f796a00):  JavaThread "C2 CompilerThread0" daemon [_thread_in_native, id=20272, stack(0x000000b4de100000,0x000000b4de200000)]


Current CompileTask:
C2:  14761 1638       4       org.springframework.boot.context.properties.source.ConfigurationPropertyName$ElementsParser::parse (234 bytes)

Stack: [0x000000b4de100000,0x000000b4de200000]
Native frames: (J=compiled Java code, j=interpreted, Vv=VM code, C=native code)
V  [jvm.dll+0x6687ca]
V  [jvm.dll+0x7ca3c9]
V  [jvm.dll+0x7cbb53]
V  [jvm.dll+0x7cc1b3]
V  [jvm.dll+0x242ea5]
V  [jvm.dll+0xadeca]
V  [jvm.dll+0xae5ac]
V  [jvm.dll+0x35af27]
V  [jvm.dll+0x3253d1]
V  [jvm.dll+0x32487a]
V  [jvm.dll+0x215f3c]
V  [jvm.dll+0x215350]
V  [jvm.dll+0x1a1d9b]
V  [jvm.dll+0x2253a8]
V  [jvm.dll+0x2233ec]
V  [jvm.dll+0x780002]
V  [jvm.dll+0x779b4a]
V  [jvm.dll+0x667666]
C  [ucrtbase.dll+0x21bb2]
C  [KERNEL32.DLL+0x17034]
C  [ntdll.dll+0x52651]


---------------  P R O C E S S  ---------------

Threads class SMR info:
_java_thread_list=0x0000029a90dd3790, length=14, elements={
0x0000029af1d69bd0, 0x0000029af1e35a20, 0x0000029af1e37210, 0x0000029a8f78a770,
0x0000029a8f78c290, 0x0000029a8f78ebb0, 0x0000029a8f78f4c0, 0x0000029a8f796a00,
0x0000029a8f7b2f80, 0x0000029a8f8163f0, 0x0000029a904775a0, 0x0000029a9047d370,
0x0000029a90dc6420, 0x0000029a90bced70
}

Java Threads: ( => current thread )
  0x0000029af1d69bd0 JavaThread "main" [_thread_blocked, id=17088, stack(0x000000b4dd400000,0x000000b4dd500000)]
  0x0000029af1e35a20 JavaThread "Reference Handler" daemon [_thread_blocked, id=15728, stack(0x000000b4ddb00000,0x000000b4ddc00000)]
  0x0000029af1e37210 JavaThread "Finalizer" daemon [_thread_blocked, id=15520, stack(0x000000b4ddc00000,0x000000b4ddd00000)]
  0x0000029a8f78a770 JavaThread "Signal Dispatcher" daemon [_thread_blocked, id=4308, stack(0x000000b4ddd00000,0x000000b4dde00000)]
  0x0000029a8f78c290 JavaThread "Attach Listener" daemon [_thread_blocked, id=15876, stack(0x000000b4dde00000,0x000000b4ddf00000)]
  0x0000029a8f78ebb0 JavaThread "Service Thread" daemon [_thread_blocked, id=4412, stack(0x000000b4ddf00000,0x000000b4de000000)]
  0x0000029a8f78f4c0 JavaThread "Monitor Deflation Thread" daemon [_thread_blocked, id=9516, stack(0x000000b4de000000,0x000000b4de100000)]
=>0x0000029a8f796a00 JavaThread "C2 CompilerThread0" daemon [_thread_in_native, id=20272, stack(0x000000b4de100000,0x000000b4de200000)]
  0x0000029a8f7b2f80 JavaThread "C1 CompilerThread0" daemon [_thread_blocked, id=12560, stack(0x000000b4de200000,0x000000b4de300000)]
  0x0000029a8f8163f0 JavaThread "Sweeper thread" daemon [_thread_blocked, id=14680, stack(0x000000b4de300000,0x000000b4de400000)]
  0x0000029a904775a0 JavaThread "Notification Thread" daemon [_thread_blocked, id=5636, stack(0x000000b4de400000,0x000000b4de500000)]
  0x0000029a9047d370 JavaThread "Common-Cleaner" daemon [_thread_blocked, id=9052, stack(0x000000b4de600000,0x000000b4de700000)]
  0x0000029a90dc6420 JavaThread "Thread-0" [_thread_blocked, id=15488, stack(0x000000b4dec00000,0x000000b4ded00000)]
  0x0000029a90bced70 JavaThread "restartedMain" [_thread_in_native, id=15236, stack(0x000000b4ded00000,0x000000b4dee00000)]

Other Threads:
  0x0000029af1e31720 VMThread "VM Thread" [stack: 0x000000b4dda00000,0x000000b4ddb00000] [id=13424]
  0x0000029a9047cee0 WatcherThread [stack: 0x000000b4de500000,0x000000b4de600000] [id=7948]
  0x0000029af1d9a700 GCTaskThread "GC Thread#0" [stack: 0x000000b4dd500000,0x000000b4dd600000] [id=4660]
  0x0000029a8f7c43f0 GCTaskThread "GC Thread#1" [stack: 0x000000b4de700000,0x000000b4de800000] [id=11468]
  0x0000029a90dcb770 GCTaskThread "GC Thread#2" [stack: 0x000000b4de800000,0x000000b4de900000] [id=5328]
  0x0000029a90dc5af0 GCTaskThread "GC Thread#3" [stack: 0x000000b4de900000,0x000000b4dea00000] [id=20864]
  0x0000029a90dc5e00 GCTaskThread "GC Thread#4" [stack: 0x000000b4dea00000,0x000000b4deb00000] [id=21248]
  0x0000029a90dc6110 GCTaskThread "GC Thread#5" [stack: 0x000000b4deb00000,0x000000b4dec00000] [id=18692]
  0x0000029a90901c20 GCTaskThread "GC Thread#6" [stack: 0x000000b4dee00000,0x000000b4def00000] [id=7276]
  0x0000029a90bcc9c0 GCTaskThread "GC Thread#7" [stack: 0x000000b4def00000,0x000000b4df000000] [id=11660]
  0x0000029af1da57f0 ConcurrentGCThread "G1 Main Marker" [stack: 0x000000b4dd600000,0x000000b4dd700000] [id=20560]
  0x0000029af1da61f0 ConcurrentGCThread "G1 Conc#0" [stack: 0x000000b4dd700000,0x000000b4dd800000] [id=4744]
  0x0000029af1e03930 ConcurrentGCThread "G1 Refine#0" [stack: 0x000000b4dd800000,0x000000b4dd900000] [id=4604]
  0x0000029af1e04340 ConcurrentGCThread "G1 Service" [stack: 0x000000b4dd900000,0x000000b4dda00000] [id=5128]

Threads with active compile tasks:
C2 CompilerThread0    14799 1638       4       org.springframework.boot.context.properties.source.ConfigurationPropertyName$ElementsParser::parse (234 bytes)

VM state: not at safepoint (normal execution)

VM Mutex/Monitor currently owned by a thread: None

Heap address: 0x00000000c1c00000, size: 996 MB, Compressed Oops mode: 32-bit

CDS archive(s) mapped at: [0x0000000800000000-0x0000000800bb0000-0x0000000800bb0000), size 12255232, SharedBaseAddress: 0x0000000800000000, ArchiveRelocationMode: 0.
Compressed class space mapped at: 0x0000000800c00000-0x0000000840c00000, reserved size: 1073741824
Narrow klass base: 0x0000000800000000, Narrow klass shift: 3, Narrow klass range: 0x100000000

GC Precious Log:
 CPUs: 8 total, 8 available
 Memory: 3982M
 Large Page Support: Disabled
 NUMA Support: Disabled
 Compressed Oops: Enabled (32-bit)
 Heap Region Size: 1M
 Heap Min Capacity: 8M
 Heap Initial Capacity: 64M
 Heap Max Capacity: 996M
 Pre-touch: Disabled
 Parallel Workers: 8
 Concurrent Workers: 2
 Concurrent Refinement Workers: 8
 Periodic GC: Disabled

Heap:
 garbage-first heap   total 65536K, used 12175K [0x00000000c1c00000, 0x0000000100000000)
  region size 1024K, 6 young (6144K), 2 survivors (2048K)
 Metaspace       used 9032K, committed 9280K, reserved 1064960K
  class space    used 1040K, committed 1152K, reserved 1048576K

Heap Regions: E=young(eden), S=young(survivor), O=old, HS=humongous(starts), HC=humongous(continues), CS=collection set, F=free, OA=open archive, CA=closed archive, TAMS=top-at-mark-start (previous, next)
|   0|0x00000000c1c00000, 0x00000000c1d00000, 0x00000000c1d00000|100%|HS|  |TAMS 0x00000000c1c00000, 0x00000000c1c00000| Complete 
|   1|0x00000000c1d00000, 0x00000000c1e00000, 0x00000000c1e00000|100%| O|  |TAMS 0x00000000c1d00000, 0x00000000c1d00000| Untracked 
|   2|0x00000000c1e00000, 0x00000000c1f00000, 0x00000000c1f00000|100%| O|  |TAMS 0x00000000c1e00000, 0x00000000c1e00000| Untracked 
|   3|0x00000000c1f00000, 0x00000000c2000000, 0x00000000c2000000|100%| O|  |TAMS 0x00000000c1f00000, 0x00000000c1f00000| Untracked 
|   4|0x00000000c2000000, 0x00000000c2100000, 0x00000000c2100000|100%| O|  |TAMS 0x00000000c2000000, 0x00000000c2000000| Untracked 
|   5|0x00000000c2100000, 0x00000000c2200000, 0x00000000c2200000|100%| O|  |TAMS 0x00000000c2100000, 0x00000000c2100000| Untracked 
|   6|0x00000000c2200000, 0x00000000c2300000, 0x00000000c2300000|100%| O|  |TAMS 0x00000000c2200000, 0x00000000c2200000| Untracked 
|   7|0x00000000c2300000, 0x00000000c230e600, 0x00000000c2400000|  5%| O|  |TAMS 0x00000000c2300000, 0x00000000c2300000| Untracked 
|   8|0x00000000c2400000, 0x00000000c2400000, 0x00000000c2500000|  0%| F|  |TAMS 0x00000000c2400000, 0x00000000c2400000| Untracked 
|   9|0x00000000c2500000, 0x00000000c2500000, 0x00000000c2600000|  0%| F|  |TAMS 0x00000000c2500000, 0x00000000c2500000| Untracked 
|  10|0x00000000c2600000, 0x00000000c2600000, 0x00000000c2700000|  0%| F|  |TAMS 0x00000000c2600000, 0x00000000c2600000| Untracked 
|  11|0x00000000c2700000, 0x00000000c2700000, 0x00000000c2800000|  0%| F|  |TAMS 0x00000000c2700000, 0x00000000c2700000| Untracked 
|  12|0x00000000c2800000, 0x00000000c2800000, 0x00000000c2900000|  0%| F|  |TAMS 0x00000000c2800000, 0x00000000c2800000| Untracked 
|  13|0x00000000c2900000, 0x00000000c2900000, 0x00000000c2a00000|  0%| F|  |TAMS 0x00000000c2900000, 0x00000000c2900000| Untracked 
|  14|0x00000000c2a00000, 0x00000000c2a00000, 0x00000000c2b00000|  0%| F|  |TAMS 0x00000000c2a00000, 0x00000000c2a00000| Untracked 
|  15|0x00000000c2b00000, 0x00000000c2b00000, 0x00000000c2c00000|  0%| F|  |TAMS 0x00000000c2b00000, 0x00000000c2b00000| Untracked 
|  16|0x00000000c2c00000, 0x00000000c2c00000, 0x00000000c2d00000|  0%| F|  |TAMS 0x00000000c2c00000, 0x00000000c2c00000| Untracked 
|  17|0x00000000c2d00000, 0x00000000c2d00000, 0x00000000c2e00000|  0%| F|  |TAMS 0x00000000c2d00000, 0x00000000c2d00000| Untracked 
|  18|0x00000000c2e00000, 0x00000000c2e00000, 0x00000000c2f00000|  0%| F|  |TAMS 0x00000000c2e00000, 0x00000000c2e00000| Untracked 
|  19|0x00000000c2f00000, 0x00000000c2f00000, 0x00000000c3000000|  0%| F|  |TAMS 0x00000000c2f00000, 0x00000000c2f00000| Untracked 
|  20|0x00000000c3000000, 0x00000000c3000000, 0x00000000c3100000|  0%| F|  |TAMS 0x00000000c3000000, 0x00000000c3000000| Untracked 
|  21|0x00000000c3100000, 0x00000000c3100000, 0x00000000c3200000|  0%| F|  |TAMS 0x00000000c3100000, 0x00000000c3100000| Untracked 
|  22|0x00000000c3200000, 0x00000000c3200000, 0x00000000c3300000|  0%| F|  |TAMS 0x00000000c3200000, 0x00000000c3200000| Untracked 
|  23|0x00000000c3300000, 0x00000000c3300000, 0x00000000c3400000|  0%| F|  |TAMS 0x00000000c3300000, 0x00000000c3300000| Untracked 
|  24|0x00000000c3400000, 0x00000000c3400000, 0x00000000c3500000|  0%| F|  |TAMS 0x00000000c3400000, 0x00000000c3400000| Untracked 
|  25|0x00000000c3500000, 0x00000000c3500000, 0x00000000c3600000|  0%| F|  |TAMS 0x00000000c3500000, 0x00000000c3500000| Untracked 
|  26|0x00000000c3600000, 0x00000000c3600000, 0x00000000c3700000|  0%| F|  |TAMS 0x00000000c3600000, 0x00000000c3600000| Untracked 
|  27|0x00000000c3700000, 0x00000000c3700000, 0x00000000c3800000|  0%| F|  |TAMS 0x00000000c3700000, 0x00000000c3700000| Untracked 
|  28|0x00000000c3800000, 0x00000000c3800000, 0x00000000c3900000|  0%| F|  |TAMS 0x00000000c3800000, 0x00000000c3800000| Untracked 
|  29|0x00000000c3900000, 0x00000000c3900000, 0x00000000c3a00000|  0%| F|  |TAMS 0x00000000c3900000, 0x00000000c3900000| Untracked 
|  30|0x00000000c3a00000, 0x00000000c3a00000, 0x00000000c3b00000|  0%| F|  |TAMS 0x00000000c3a00000, 0x00000000c3a00000| Untracked 
|  31|0x00000000c3b00000, 0x00000000c3b00000, 0x00000000c3c00000|  0%| F|  |TAMS 0x00000000c3b00000, 0x00000000c3b00000| Untracked 
|  32|0x00000000c3c00000, 0x00000000c3c00000, 0x00000000c3d00000|  0%| F|  |TAMS 0x00000000c3c00000, 0x00000000c3c00000| Untracked 
|  33|0x00000000c3d00000, 0x00000000c3d00000, 0x00000000c3e00000|  0%| F|  |TAMS 0x00000000c3d00000, 0x00000000c3d00000| Untracked 
|  34|0x00000000c3e00000, 0x00000000c3e00000, 0x00000000c3f00000|  0%| F|  |TAMS 0x00000000c3e00000, 0x00000000c3e00000| Untracked 
|  35|0x00000000c3f00000, 0x00000000c3fd5628, 0x00000000c4000000| 83%| S|CS|TAMS 0x00000000c3f00000, 0x00000000c3f00000| Complete 
|  36|0x00000000c4000000, 0x00000000c4100000, 0x00000000c4100000|100%| S|CS|TAMS 0x00000000c4000000, 0x00000000c4000000| Complete 
|  37|0x00000000c4100000, 0x00000000c4100000, 0x00000000c4200000|  0%| F|  |TAMS 0x00000000c4100000, 0x00000000c4100000| Untracked 
|  38|0x00000000c4200000, 0x00000000c4200000, 0x00000000c4300000|  0%| F|  |TAMS 0x00000000c4200000, 0x00000000c4200000| Untracked 
|  39|0x00000000c4300000, 0x00000000c4300000, 0x00000000c4400000|  0%| F|  |TAMS 0x00000000c4300000, 0x00000000c4300000| Untracked 
|  40|0x00000000c4400000, 0x00000000c4400000, 0x00000000c4500000|  0%| F|  |TAMS 0x00000000c4400000, 0x00000000c4400000| Untracked 
|  41|0x00000000c4500000, 0x00000000c4500000, 0x00000000c4600000|  0%| F|  |TAMS 0x00000000c4500000, 0x00000000c4500000| Untracked 
|  42|0x00000000c4600000, 0x00000000c4600000, 0x00000000c4700000|  0%| F|  |TAMS 0x00000000c4600000, 0x00000000c4600000| Untracked 
|  43|0x00000000c4700000, 0x00000000c4700000, 0x00000000c4800000|  0%| F|  |TAMS 0x00000000c4700000, 0x00000000c4700000| Untracked 
|  44|0x00000000c4800000, 0x00000000c4800000, 0x00000000c4900000|  0%| F|  |TAMS 0x00000000c4800000, 0x00000000c4800000| Untracked 
|  45|0x00000000c4900000, 0x00000000c4900000, 0x00000000c4a00000|  0%| F|  |TAMS 0x00000000c4900000, 0x00000000c4900000| Untracked 
|  46|0x00000000c4a00000, 0x00000000c4a00000, 0x00000000c4b00000|  0%| F|  |TAMS 0x00000000c4a00000, 0x00000000c4a00000| Untracked 
|  47|0x00000000c4b00000, 0x00000000c4b00000, 0x00000000c4c00000|  0%| F|  |TAMS 0x00000000c4b00000, 0x00000000c4b00000| Untracked 
|  48|0x00000000c4c00000, 0x00000000c4c00000, 0x00000000c4d00000|  0%| F|  |TAMS 0x00000000c4c00000, 0x00000000c4c00000| Untracked 
|  49|0x00000000c4d00000, 0x00000000c4d00000, 0x00000000c4e00000|  0%| F|  |TAMS 0x00000000c4d00000, 0x00000000c4d00000| Untracked 
|  50|0x00000000c4e00000, 0x00000000c4e00000, 0x00000000c4f00000|  0%| F|  |TAMS 0x00000000c4e00000, 0x00000000c4e00000| Untracked 
|  51|0x00000000c4f00000, 0x00000000c4f00000, 0x00000000c5000000|  0%| F|  |TAMS 0x00000000c4f00000, 0x00000000c4f00000| Untracked 
|  52|0x00000000c5000000, 0x00000000c5000000, 0x00000000c5100000|  0%| F|  |TAMS 0x00000000c5000000, 0x00000000c5000000| Untracked 
|  53|0x00000000c5100000, 0x00000000c5100000, 0x00000000c5200000|  0%| F|  |TAMS 0x00000000c5100000, 0x00000000c5100000| Untracked 
|  54|0x00000000c5200000, 0x00000000c5200000, 0x00000000c5300000|  0%| F|  |TAMS 0x00000000c5200000, 0x00000000c5200000| Untracked 
|  55|0x00000000c5300000, 0x00000000c5300000, 0x00000000c5400000|  0%| F|  |TAMS 0x00000000c5300000, 0x00000000c5300000| Untracked 
|  56|0x00000000c5400000, 0x00000000c5400000, 0x00000000c5500000|  0%| F|  |TAMS 0x00000000c5400000, 0x00000000c5400000| Untracked 
|  57|0x00000000c5500000, 0x00000000c5500000, 0x00000000c5600000|  0%| F|  |TAMS 0x00000000c5500000, 0x00000000c5500000| Untracked 
|  58|0x00000000c5600000, 0x00000000c5600000, 0x00000000c5700000|  0%| F|  |TAMS 0x00000000c5600000, 0x00000000c5600000| Untracked 
|  59|0x00000000c5700000, 0x00000000c5700000, 0x00000000c5800000|  0%| F|  |TAMS 0x00000000c5700000, 0x00000000c5700000| Untracked 
|  60|0x00000000c5800000, 0x00000000c58f9ce0, 0x00000000c5900000| 97%| E|  |TAMS 0x00000000c5800000, 0x00000000c5800000| Complete 
|  61|0x00000000c5900000, 0x00000000c5a00000, 0x00000000c5a00000|100%| E|CS|TAMS 0x00000000c5900000, 0x00000000c5900000| Complete 
|  62|0x00000000c5a00000, 0x00000000c5b00000, 0x00000000c5b00000|100%| E|CS|TAMS 0x00000000c5a00000, 0x00000000c5a00000| Complete 
|  63|0x00000000c5b00000, 0x00000000c5c00000, 0x00000000c5c00000|100%| E|CS|TAMS 0x00000000c5b00000, 0x00000000c5b00000| Complete 

Card table byte_map: [0x0000029afb970000,0x0000029afbb70000] _byte_map_base: 0x0000029afb362000

Marking Bits (Prev, Next): (CMBitMap*) 0x0000029af1d9bd10, (CMBitMap*) 0x0000029af1d9bd50
 Prev Bits: [0x0000029afbd70000, 0x0000029afcd00000)
 Next Bits: [0x0000029afcd00000, 0x0000029afdc90000)

Polling page: 0x0000029af1e40000

Metaspace:

Usage:
  Non-class:      7.81 MB used.
      Class:      1.02 MB used.
       Both:      8.82 MB used.

Virtual space:
  Non-class space:       16.00 MB reserved,       7.94 MB ( 50%) committed,  2 nodes.
      Class space:        1.00 GB reserved,       1.12 MB ( <1%) committed,  1 nodes.
              Both:        1.02 GB reserved,       9.06 MB ( <1%) committed. 

Chunk freelists:
   Non-Class:  3.64 MB
       Class:  2.78 MB
        Both:  6.42 MB

MaxMetaspaceSize: 17179869184.00 GB
CompressedClassSpaceSize: 1.00 GB
 - commit_granule_bytes: 65536.
 - commit_granule_words: 8192.
 - virtual_space_node_default_size: 1048576.
 - enlarge_chunks_in_place: 1.
 - new_chunks_are_fully_committed: 0.
 - uncommit_free_chunks: 1.
 - use_allocation_guard: 0.
 - handle_deallocations: 1.


Internal statistics:

num_allocs_failed_limit: 0.
num_arena_births: 144.
num_arena_deaths: 0.
num_vsnodes_births: 3.
num_vsnodes_deaths: 0.
num_space_committed: 145.
num_space_uncommitted: 0.
num_chunks_returned_to_freelist: 0.
num_chunks_taken_from_freelist: 367.
num_chunk_merges: 0.
num_chunk_splits: 223.
num_chunks_enlarged: 142.
num_purges: 0.

CodeHeap 'non-profiled nmethods': size=120000Kb used=578Kb max_used=578Kb free=119421Kb
 bounds [0x0000029a87ad0000, 0x0000029a87d40000, 0x0000029a8f000000]
CodeHeap 'profiled nmethods': size=120000Kb used=3077Kb max_used=3077Kb free=116922Kb
 bounds [0x0000029a805a0000, 0x0000029a808b0000, 0x0000029a87ad0000]
CodeHeap 'non-nmethods': size=5760Kb used=1193Kb max_used=1217Kb free=4566Kb
 bounds [0x0000029a80000000, 0x0000029a80270000, 0x0000029a805a0000]
 total_blobs=2124 nmethods=1639 adapters=397
 compilation: enabled
              stopped_count=0, restarted_count=0
 full_count=0

Compilation events (20 events):
Event: 14.669 Thread 0x0000029a8f796a00 nmethod 1627 0x0000029a87b5fa10 code [0x0000029a87b5fba0, 0x0000029a87b5ffd8]
Event: 14.669 Thread 0x0000029a8f7b2f80 1637       3       org.springframework.boot.context.properties.source.SpringIterableConfigurationPropertySource::getPropertySource (5 bytes)
Event: 14.670 Thread 0x0000029a8f796a00 1633       4       java.util.HashMap$HashIterator::nextNode (100 bytes)
Event: 14.670 Thread 0x0000029a8f7b2f80 nmethod 1637 0x0000029a8089e110 code [0x0000029a8089e2c0, 0x0000029a8089e558]
Event: 14.672 Thread 0x0000029a8f7b2f80 1639       3       org.springframework.boot.context.properties.source.ConfigurationPropertyName::fastElementEquals (69 bytes)
Event: 14.672 Thread 0x0000029a8f7b2f80 nmethod 1639 0x0000029a8089e610 code [0x0000029a8089e800, 0x0000029a8089ebd8]
Event: 14.672 Thread 0x0000029a8f7b2f80 1640       3       org.springframework.boot.context.properties.source.ConfigurationPropertyName::chop (26 bytes)
Event: 14.673 Thread 0x0000029a8f7b2f80 nmethod 1640 0x0000029a8089ee10 code [0x0000029a8089f000, 0x0000029a8089f4e8]
Event: 14.673 Thread 0x0000029a8f7b2f80 1642       3       org.springframework.boot.context.properties.source.ConfigurationPropertyName::getParent (24 bytes)
Event: 14.674 Thread 0x0000029a8f7b2f80 nmethod 1642 0x0000029a8089f690 code [0x0000029a8089f880, 0x0000029a8089fe68]
Event: 14.674 Thread 0x0000029a8f7b2f80 1641       3       org.springframework.boot.context.properties.source.ConfigurationPropertyName$Elements::chop (32 bytes)
Event: 14.674 Thread 0x0000029a8f7b2f80 nmethod 1641 0x0000029a808a0090 code [0x0000029a808a0240, 0x0000029a808a0458]
Event: 14.678 Thread 0x0000029a8f7b2f80 1645       3       java.lang.invoke.BoundMethodHandle::<init> (32 bytes)
Event: 14.678 Thread 0x0000029a8f796a00 nmethod 1633 0x0000029a87b60490 code [0x0000029a87b60620, 0x0000029a87b60a38]
Event: 14.678 Thread 0x0000029a8f796a00 1638       4       org.springframework.boot.context.properties.source.ConfigurationPropertyName$ElementsParser::parse (234 bytes)
Event: 14.679 Thread 0x0000029a8f7b2f80 nmethod 1645 0x0000029a808a0590 code [0x0000029a808a0740, 0x0000029a808a08a8]
Event: 14.679 Thread 0x0000029a8f7b2f80 1647       3       org.apache.commons.logging.impl.Jdk14Logger::getLogger (23 bytes)
Event: 14.680 Thread 0x0000029a8f7b2f80 nmethod 1647 0x0000029a808a0990 code [0x0000029a808a0b60, 0x0000029a808a0e38]
Event: 14.683 Thread 0x0000029a8f7b2f80 1648       3       org.springframework.core.env.MapPropertySource::getProperty (14 bytes)
Event: 14.683 Thread 0x0000029a8f7b2f80 nmethod 1648 0x0000029a808a0f90 code [0x0000029a808a1140, 0x0000029a808a1428]

GC Heap History (6 events):
Event: 6.918 GC heap before
{Heap before GC invocations=0 (full 0):
 garbage-first heap   total 65536K, used 23552K [0x00000000c1c00000, 0x0000000100000000)
  region size 1024K, 23 young (23552K), 0 survivors (0K)
 Metaspace       used 5059K, committed 5248K, reserved 1056768K
  class space    used 520K, committed 640K, reserved 1048576K
}
Event: 6.943 GC heap after
{Heap after GC invocations=1 (full 0):
 garbage-first heap   total 65536K, used 7415K [0x00000000c1c00000, 0x0000000100000000)
  region size 1024K, 3 young (3072K), 3 survivors (3072K)
 Metaspace       used 5059K, committed 5248K, reserved 1056768K
  class space    used 520K, committed 640K, reserved 1048576K
}
Event: 6.972 GC heap before
{Heap before GC invocations=1 (full 0):
 garbage-first heap   total 65536K, used 29943K [0x00000000c1c00000, 0x0000000100000000)
  region size 1024K, 26 young (26624K), 3 survivors (3072K)
 Metaspace       used 5060K, committed 5248K, reserved 1056768K
  class space    used 520K, committed 640K, reserved 1048576K
}
Event: 6.977 GC heap after
{Heap after GC invocations=2 (full 0):
 garbage-first heap   total 65536K, used 7287K [0x00000000c1c00000, 0x0000000100000000)
  region size 1024K, 1 young (1024K), 1 survivors (1024K)
 Metaspace       used 5060K, committed 5248K, reserved 1056768K
  class space    used 520K, committed 640K, reserved 1048576K
}
Event: 13.145 GC heap before
{Heap before GC invocations=2 (full 0):
 garbage-first heap   total 65536K, used 32887K [0x00000000c1c00000, 0x0000000100000000)
  region size 1024K, 27 young (27648K), 1 survivors (1024K)
 Metaspace       used 8251K, committed 8448K, reserved 1056768K
  class space    used 936K, committed 1024K, reserved 1048576K
}
Event: 13.150 GC heap after
{Heap after GC invocations=3 (full 0):
 garbage-first heap   total 65536K, used 9103K [0x00000000c1c00000, 0x0000000100000000)
  region size 1024K, 2 young (2048K), 2 survivors (2048K)
 Metaspace       used 8251K, committed 8448K, reserved 1056768K
  class space    used 936K, committed 1024K, reserved 1048576K
}

Deoptimization events (20 events):
Event: 12.114 Thread 0x0000029a90bced70 DEOPT PACKING pc=0x0000029a87b43bcc sp=0x000000b4dedfccf0
Event: 12.114 Thread 0x0000029a90bced70 DEOPT UNPACKING pc=0x0000029a8004d72e sp=0x000000b4dedfcc78 mode 2
Event: 12.391 Thread 0x0000029a90bced70 Uncommon trap: trap_request=0xffffff45 fr.pc=0x0000029a87b0fa24 relative=0x0000000000000184
Event: 12.391 Thread 0x0000029a90bced70 Uncommon trap: reason=unstable_if action=reinterpret pc=0x0000029a87b0fa24 method=java.lang.String.equals(Ljava/lang/Object;)Z @ 33 c2
Event: 12.391 Thread 0x0000029a90bced70 DEOPT PACKING pc=0x0000029a87b0fa24 sp=0x000000b4dedfd350
Event: 12.391 Thread 0x0000029a90bced70 DEOPT UNPACKING pc=0x0000029a8004d72e sp=0x000000b4dedfd2f0 mode 2
Event: 12.391 Thread 0x0000029a90bced70 Uncommon trap: trap_request=0xffffff45 fr.pc=0x0000029a87ade7d4 relative=0x0000000000000234
Event: 12.391 Thread 0x0000029a90bced70 Uncommon trap: reason=unstable_if action=reinterpret pc=0x0000029a87ade7d4 method=java.lang.String.isLatin1()Z @ 10 c2
Event: 12.391 Thread 0x0000029a90bced70 DEOPT PACKING pc=0x0000029a87ade7d4 sp=0x000000b4dedfd120
Event: 12.391 Thread 0x0000029a90bced70 DEOPT UNPACKING pc=0x0000029a8004d72e sp=0x000000b4dedfd050 mode 2
Event: 12.392 Thread 0x0000029a90bced70 Uncommon trap: trap_request=0xffffff45 fr.pc=0x0000029a87b45828 relative=0x0000000000000568
Event: 12.392 Thread 0x0000029a90bced70 Uncommon trap: reason=unstable_if action=reinterpret pc=0x0000029a87b45828 method=java.lang.String.replace(CC)Ljava/lang/String; @ 9 c2
Event: 12.392 Thread 0x0000029a90bced70 DEOPT PACKING pc=0x0000029a87b45828 sp=0x000000b4dedfd2b0
Event: 12.392 Thread 0x0000029a90bced70 DEOPT UNPACKING pc=0x0000029a8004d72e sp=0x000000b4dedfd268 mode 2
Event: 13.101 Thread 0x0000029a90bced70 DEOPT PACKING pc=0x0000029a80780d56 sp=0x000000b4dedf9d60
Event: 13.101 Thread 0x0000029a90bced70 DEOPT UNPACKING pc=0x0000029a8004dece sp=0x000000b4dedf91e8 mode 0
Event: 14.028 Thread 0x0000029a90bced70 Uncommon trap: trap_request=0xffffffc6 fr.pc=0x0000029a87b3de2c relative=0x000000000000080c
Event: 14.028 Thread 0x0000029a90bced70 Uncommon trap: reason=bimorphic_or_optimized_type_check action=maybe_recompile pc=0x0000029a87b3de2c method=java.util.HashMap.putVal(ILjava/lang/Object;Ljava/lang/Object;ZZ)Ljava/lang/Object; @ 91 c2
Event: 14.028 Thread 0x0000029a90bced70 DEOPT PACKING pc=0x0000029a87b3de2c sp=0x000000b4dedfd740
Event: 14.028 Thread 0x0000029a90bced70 DEOPT UNPACKING pc=0x0000029a8004d72e sp=0x000000b4dedfd6d0 mode 2

Classes unloaded (0 events):
No events

Classes redefined (0 events):
No events

Internal exceptions (20 events):
Event: 11.441 Thread 0x0000029a90bced70 Exception <a 'java/lang/NoSuchMethodError'{0x00000000c4579f00}: 'java.lang.Object java.lang.invoke.Invokers$Holder.invokeExact_MT(java.lang.Object, java.lang.Object, java.lang.Object, java.lang.Object, java.lang.Object, java.lang.Object)'> (0x00000000c4579f00) 
thrown [t:\workspace\open\src\hotspot\share\interpreter\linkResolver.cpp, line 790]
Event: 11.458 Thread 0x0000029a90bced70 Exception <a 'java/lang/NoSuchMethodError'{0x00000000c458fc88}: 'java.lang.Object java.lang.invoke.DirectMethodHandle$Holder.invokeInterface(java.lang.Object, java.lang.Object, java.lang.Object)'> (0x00000000c458fc88) 
thrown [t:\workspace\open\src\hotspot\share\interpreter\linkResolver.cpp, line 790]
Event: 11.458 Thread 0x0000029a90bced70 Exception <a 'java/lang/IncompatibleClassChangeError'{0x00000000c4593520}: Found class java.lang.Object, but interface was expected> (0x00000000c4593520) 
thrown [t:\workspace\open\src\hotspot\share\interpreter\linkResolver.cpp, line 857]
Event: 12.362 Thread 0x0000029a90bced70 Exception <a 'java/lang/NoSuchMethodError'{0x00000000c448bd60}: 'int java.lang.invoke.DirectMethodHandle$Holder.invokeSpecial(java.lang.Object, java.lang.Object, java.lang.Object, java.lang.Object)'> (0x00000000c448bd60) 
thrown [t:\workspace\open\src\hotspot\share\interpreter\linkResolver.cpp, line 790]
Event: 12.808 Thread 0x0000029a90bced70 Exception <a 'java/lang/NoSuchMethodError'{0x00000000c43fe3a0}: 'java.lang.Object java.lang.invoke.DirectMethodHandle$Holder.newInvokeSpecial(java.lang.Object, java.lang.Object, java.lang.Object, java.lang.Object, java.lang.Object, java.lang.Object)'> (0x00000000c43fe3a0) 
thrown [t:\workspace\open\src\hotspot\share\interpreter\linkResolver.cpp, line 790]
Event: 13.118 Thread 0x0000029a90bced70 Exception <a 'java/lang/NoSuchMethodError'{0x00000000c42a4a40}: 'java.lang.Object java.lang.invoke.DirectMethodHandle$Holder.invokeSpecial(java.lang.Object, java.lang.Object, java.lang.Object, java.lang.Object, java.lang.Object, java.lang.Object, int)'> (0x00000000c42a4a40) 
thrown [t:\workspace\open\src\hotspot\share\interpreter\linkResolver.cpp, line 790]
Event: 13.123 Thread 0x0000029a90bced70 Exception <a 'java/lang/NoSuchMethodError'{0x00000000c42afb98}: 'java.lang.Object java.lang.invoke.DirectMethodHandle$Holder.newInvokeSpecial(java.lang.Object, java.lang.Object, java.lang.Object, java.lang.Object, java.lang.Object, java.lang.Object, int)'> (0x00000000c42afb98) 
thrown [t:\workspace\open\src\hotspot\share\interpreter\linkResolver.cpp, line 790]
Event: 13.124 Thread 0x0000029a90bced70 Exception <a 'java/lang/NoSuchMethodError'{0x00000000c42b4cf0}: 'java.lang.Object java.lang.invoke.DirectMethodHandle$Holder.invokeSpecial(java.lang.Object, java.lang.Object, java.lang.Object, java.lang.Object, java.lang.Object, java.lang.Object, java.lang.Object, int)'> (0x00000000c42b4cf0) 
thrown [t:\workspace\open\src\hotspot\share\interpreter\linkResolver.cpp, line 790]
Event: 13.731 Thread 0x0000029a90bced70 Exception <a 'java/lang/NoSuchMethodError'{0x00000000c5abd1c8}: 'java.lang.Object java.lang.invoke.DirectMethodHandle$Holder.invokeSpecial(java.lang.Object, java.lang.Object, java.lang.Object, java.lang.Object, int)'> (0x00000000c5abd1c8) 
thrown [t:\workspace\open\src\hotspot\share\interpreter\linkResolver.cpp, line 790]
Event: 13.733 Thread 0x0000029a90bced70 Exception <a 'java/lang/NoSuchMethodError'{0x00000000c5ac5e68}: 'java.lang.Object java.lang.invoke.DirectMethodHandle$Holder.newInvokeSpecial(java.lang.Object, java.lang.Object, java.lang.Object, java.lang.Object, int)'> (0x00000000c5ac5e68) 
thrown [t:\workspace\open\src\hotspot\share\interpreter\linkResolver.cpp, line 790]
Event: 13.734 Thread 0x0000029a90bced70 Exception <a 'java/lang/NoSuchMethodError'{0x00000000c5aca1c0}: 'java.lang.Object java.lang.invoke.DirectMethodHandle$Holder.invokeSpecial(java.lang.Object, java.lang.Object, java.lang.Object, java.lang.Object, java.lang.Object, int)'> (0x00000000c5aca1c0) 
thrown [t:\workspace\open\src\hotspot\share\interpreter\linkResolver.cpp, line 790]
Event: 13.734 Thread 0x0000029a90bced70 Exception <a 'java/lang/NoSuchMethodError'{0x00000000c5acdea8}: 'java.lang.Object java.lang.invoke.Invokers$Holder.linkToTargetMethod(java.lang.Object, java.lang.Object, java.lang.Object, int, java.lang.Object)'> (0x00000000c5acdea8) 
thrown [t:\workspace\open\src\hotspot\share\interpreter\linkResolver.cpp, line 790]
Event: 13.933 Thread 0x0000029a90bced70 Exception <a 'java/lang/NoSuchMethodError'{0x00000000c5addf10}: 'java.lang.Object java.lang.invoke.DirectMethodHandle$Holder.newInvokeSpecial(java.lang.Object, int, java.lang.Object)'> (0x00000000c5addf10) 
thrown [t:\workspace\open\src\hotspot\share\interpreter\linkResolver.cpp, line 790]
Event: 13.934 Thread 0x0000029a90bced70 Exception <a 'java/lang/NoSuchMethodError'{0x00000000c5ae2e90}: 'int java.lang.invoke.DirectMethodHandle$Holder.invokeSpecialIFC(java.lang.Object, java.lang.Object, java.lang.Object, java.lang.Object)'> (0x00000000c5ae2e90) 
thrown [t:\workspace\open\src\hotspot\share\interpreter\linkResolver.cpp, line 790]
Event: 13.971 Thread 0x0000029a90bced70 Exception <a 'java/lang/NoSuchMethodError'{0x00000000c5991e18}: 'void java.lang.invoke.DirectMethodHandle$Holder.invokeInterface(java.lang.Object, java.lang.Object, java.lang.Object)'> (0x00000000c5991e18) 
thrown [t:\workspace\open\src\hotspot\share\interpreter\linkResolver.cpp, line 790]
Event: 14.429 Thread 0x0000029a90bced70 Exception <a 'java/lang/NoSuchMethodError'{0x00000000c5842570}: 'java.lang.Object java.lang.invoke.DirectMethodHandle$Holder.invokeStatic(java.lang.Object, java.lang.Object, int)'> (0x00000000c5842570) 
thrown [t:\workspace\open\src\hotspot\share\interpreter\linkResolver.cpp, line 790]
Event: 14.438 Thread 0x0000029a90bced70 Exception <a 'java/lang/NoSuchMethodError'{0x00000000c584e398}: 'void java.lang.invoke.DelegatingMethodHandle$Holder.delegate(java.lang.Object, java.lang.Object, int, java.lang.Object)'> (0x00000000c584e398) 
thrown [t:\workspace\open\src\hotspot\share\interpreter\linkResolver.cpp, line 790]
Event: 14.677 Thread 0x0000029a90bced70 Exception <a 'java/lang/NoSuchMethodError'{0x00000000c58b3438}: 'void java.lang.invoke.DirectMethodHandle$Holder.invokeStatic(java.lang.Object, java.lang.Object)'> (0x00000000c58b3438) 
thrown [t:\workspace\open\src\hotspot\share\interpreter\linkResolver.cpp, line 790]
Event: 14.678 Thread 0x0000029a90bced70 Exception <a 'java/lang/NoSuchMethodError'{0x00000000c58b6e40}: 'void java.lang.invoke.DirectMethodHandle$Holder.invokeStaticInit(java.lang.Object, java.lang.Object)'> (0x00000000c58b6e40) 
thrown [t:\workspace\open\src\hotspot\share\interpreter\linkResolver.cpp, line 790]
Event: 14.682 Thread 0x0000029a90bced70 Exception <a 'java/lang/NoSuchMethodError'{0x00000000c58c4468}: 'void java.lang.invoke.DirectMethodHandle$Holder.invokeStaticInit(java.lang.Object, java.lang.Object, java.lang.Object)'> (0x00000000c58c4468) 
thrown [t:\workspace\open\src\hotspot\share\interpreter\linkResolver.cpp, line 790]

Events (20 events):
Event: 13.726 loading class jdk/internal/module/IllegalAccessLogger
Event: 13.726 loading class jdk/internal/module/IllegalAccessLogger done
Event: 14.030 loading class java/util/stream/MatchOps$1MatchSink
Event: 14.030 loading class java/util/stream/MatchOps$1MatchSink done
Event: 14.427 Executing  VM operation: HandshakeAllThreads
Event: 14.427 Executing  VM operation: HandshakeAllThreads done
Event: 14.427 Executing  VM operation: Cleanup
Event: 14.427 Executing  VM operation: Cleanup done
Event: 14.468 loading class java/beans/Introspector
Event: 14.470 loading class java/beans/Introspector done
Event: 14.471 loading class java/beans/EventSetDescriptor
Event: 14.570 loading class java/beans/FeatureDescriptor
Event: 14.571 loading class java/beans/FeatureDescriptor done
Event: 14.571 loading class java/beans/EventSetDescriptor done
Event: 14.571 loading class java/beans/Introspector$1
Event: 14.571 loading class jdk/internal/access/JavaBeansAccess
Event: 14.571 loading class jdk/internal/access/JavaBeansAccess done
Event: 14.571 loading class java/beans/Introspector$1 done
Event: 14.688 loading class java/nio/file/attribute/PosixFilePermission
Event: 14.688 loading class java/nio/file/attribute/PosixFilePermission done


Dynamic libraries:
0x00007ff74bf80000 - 0x00007ff74bf90000 	C:\Program Files\Java\jdk-16.0.1\bin\javaw.exe
0x00007ff9bb290000 - 0x00007ff9bb485000 	C:\WINDOWS\SYSTEM32\ntdll.dll
0x00007ff9bac40000 - 0x00007ff9bacfd000 	C:\WINDOWS\System32\KERNEL32.DLL
0x00007ff9b8d00000 - 0x00007ff9b8fc8000 	C:\WINDOWS\System32\KERNELBASE.dll
0x00007ff9b89d0000 - 0x00007ff9b8ad0000 	C:\WINDOWS\System32\ucrtbase.dll
0x00007ff99e470000 - 0x00007ff99e488000 	C:\Program Files\Java\jdk-16.0.1\bin\jli.dll
0x00007ff9b9ee0000 - 0x00007ff9b9f8c000 	C:\WINDOWS\System32\ADVAPI32.dll
0x00007ff9ba160000 - 0x00007ff9ba1fe000 	C:\WINDOWS\System32\msvcrt.dll
0x00007ff9b9730000 - 0x00007ff9b97cb000 	C:\WINDOWS\System32\sechost.dll
0x00007ff9baa50000 - 0x00007ff9bab7b000 	C:\WINDOWS\System32\RPCRT4.dll
0x00007ff9b14b0000 - 0x00007ff9b14c9000 	C:\Program Files\Java\jdk-16.0.1\bin\VCRUNTIME140.dll
0x00007ff9b9fb0000 - 0x00007ff9ba150000 	C:\WINDOWS\System32\USER32.dll
0x00007ff9b9280000 - 0x00007ff9b92a2000 	C:\WINDOWS\System32\win32u.dll
0x00007ff9baa20000 - 0x00007ff9baa4a000 	C:\WINDOWS\System32\GDI32.dll
0x00007ff9b8b60000 - 0x00007ff9b8c6b000 	C:\WINDOWS\System32\gdi32full.dll
0x00007ff9b8fd0000 - 0x00007ff9b906d000 	C:\WINDOWS\System32\msvcp_win.dll
0x00007ff9a0d10000 - 0x00007ff9a0faa000 	C:\WINDOWS\WinSxS\amd64_microsoft.windows.common-controls_6595b64144ccf1df_6.0.19041.1052_none_60b8f8fd71f5e8cb\COMCTL32.dll
0x00007ff9b13a0000 - 0x00007ff9b13aa000 	C:\WINDOWS\SYSTEM32\VERSION.dll
0x00007ff9bab80000 - 0x00007ff9babb0000 	C:\WINDOWS\System32\IMM32.DLL
0x00007ff9b14a0000 - 0x00007ff9b14ac000 	C:\Program Files\Java\jdk-16.0.1\bin\vcruntime140_1.dll
0x00007ff991f50000 - 0x00007ff991fe1000 	C:\Program Files\Java\jdk-16.0.1\bin\msvcp140.dll
0x00007ff945250000 - 0x00007ff945dfb000 	C:\Program Files\Java\jdk-16.0.1\bin\server\jvm.dll
0x00007ff9bb240000 - 0x00007ff9bb248000 	C:\WINDOWS\System32\PSAPI.DLL
0x00007ff976400000 - 0x00007ff976409000 	C:\WINDOWS\SYSTEM32\WSOCK32.dll
0x00007ff9bad00000 - 0x00007ff9bad6b000 	C:\WINDOWS\System32\WS2_32.dll
0x00007ff99f5a0000 - 0x00007ff99f5c7000 	C:\WINDOWS\SYSTEM32\WINMM.dll
0x00007ff9b72f0000 - 0x00007ff9b7302000 	C:\WINDOWS\SYSTEM32\kernel.appcore.dll
0x00007ff9afc90000 - 0x00007ff9afc9a000 	C:\Program Files\Java\jdk-16.0.1\bin\jimage.dll
0x00007ff9b68f0000 - 0x00007ff9b6ad4000 	C:\WINDOWS\SYSTEM32\DBGHELP.DLL
0x00007ff99a050000 - 0x00007ff99a07c000 	C:\WINDOWS\SYSTEM32\dbgcore.DLL
0x00007ff9b8ad0000 - 0x00007ff9b8b53000 	C:\WINDOWS\System32\bcryptPrimitives.dll
0x00007ff99e440000 - 0x00007ff99e465000 	C:\Program Files\Java\jdk-16.0.1\bin\java.dll
0x00007ff9ba210000 - 0x00007ff9ba94f000 	C:\WINDOWS\System32\SHELL32.dll
0x00007ff9b6b00000 - 0x00007ff9b7290000 	C:\WINDOWS\SYSTEM32\windows.storage.dll
0x00007ff9b97d0000 - 0x00007ff9b9b25000 	C:\WINDOWS\System32\combase.dll
0x00007ff9b8440000 - 0x00007ff9b846c000 	C:\WINDOWS\SYSTEM32\Wldp.dll
0x00007ff9b9490000 - 0x00007ff9b953e000 	C:\WINDOWS\System32\SHCORE.dll
0x00007ff9b9430000 - 0x00007ff9b9485000 	C:\WINDOWS\System32\shlwapi.dll
0x00007ff9b8910000 - 0x00007ff9b892f000 	C:\WINDOWS\SYSTEM32\profapi.dll
0x00007ff993580000 - 0x00007ff993599000 	C:\Program Files\Java\jdk-16.0.1\bin\net.dll
0x00007ff9a1070000 - 0x00007ff9a117b000 	C:\WINDOWS\SYSTEM32\WINHTTP.dll
0x00007ff9b81b0000 - 0x00007ff9b821a000 	C:\WINDOWS\system32\mswsock.dll
0x00007ff993050000 - 0x00007ff993063000 	C:\Program Files\Java\jdk-16.0.1\bin\nio.dll
0x00007ff993030000 - 0x00007ff993048000 	C:\Program Files\Java\jdk-16.0.1\bin\zip.dll
0x00007ff9af900000 - 0x00007ff9af910000 	C:\Program Files\Java\jdk-16.0.1\bin\verify.dll
0x00007ff9a1c80000 - 0x00007ff9a1c89000 	C:\Program Files\Java\jdk-16.0.1\bin\management.dll
0x00007ff9a0b40000 - 0x00007ff9a0b4b000 	C:\Program Files\Java\jdk-16.0.1\bin\management_ext.dll
0x00007ff987c50000 - 0x00007ff987c67000 	C:\WINDOWS\system32\napinsp.dll
0x00007ff987c00000 - 0x00007ff987c1b000 	C:\WINDOWS\system32\pnrpnsp.dll
0x00007ff9b3190000 - 0x00007ff9b31a5000 	C:\WINDOWS\system32\wshbth.dll
0x00007ff9b3c40000 - 0x00007ff9b3c5d000 	C:\WINDOWS\system32\NLAapi.dll
0x00007ff9b7e50000 - 0x00007ff9b7e8b000 	C:\WINDOWS\SYSTEM32\IPHLPAPI.DLL
0x00007ff9b7e90000 - 0x00007ff9b7f5c000 	C:\WINDOWS\SYSTEM32\DNSAPI.dll
0x00007ff9ba150000 - 0x00007ff9ba158000 	C:\WINDOWS\System32\NSI.dll

dbghelp: loaded successfully - version: 4.0.5 - missing functions: none
symbol engine: initialized successfully - sym options: 0x614 - pdb path: .;C:\Program Files\Java\jdk-16.0.1\bin;C:\WINDOWS\SYSTEM32;C:\WINDOWS\WinSxS\amd64_microsoft.windows.common-controls_6595b64144ccf1df_6.0.19041.1052_none_60b8f8fd71f5e8cb;C:\Program Files\Java\jdk-16.0.1\bin\server

VM Arguments:
jvm_args: -Dfile.encoding=UTF-8 -XX:+ShowCodeDetailsInExceptionMessages 
java_command: HRMS.Hrms.HrmsApplication
java_class_path (initial): C:\Users\muhliis\Desktop\eclipse-workspace\Hrms\Hrms\target\classes;C:\Users\muhliis\Eclipse\jee-2021-09\eclipse\plugins\org.apache.axis_1.4.0.v201411182030\lib\axis.jar;C:\Users\muhliis\Eclipse\jee-2021-09\eclipse\plugins\org.apache.commons.discovery_0.2.0.v201004190315\lib\commons-discovery-0.2.jar;C:\Users\muhliis\Eclipse\jee-2021-09\eclipse\plugins\javax.xml.rpc_1.1.0.v201209140446\lib\jaxrpc.jar;C:\Users\muhliis\Eclipse\jee-2021-09\eclipse\plugins\javax.xml.soap_1.2.0.v201005080501\lib\saaj.jar;C:\Users\muhliis\Eclipse\jee-2021-09\eclipse\plugins\javax.wsdl_1.6.2.v201012040545.jar;C:\Users\muhliis\Eclipse\jee-2021-09\eclipse\plugins\org.apache.commons.logging_1.2.0.v20180409-1502.jar;C:\Users\muhliis\.m2\repository\org\modelmapper\modelmapper\2.4.2\modelmapper-2.4.2.jar;C:\Users\muhliis\.m2\repository\org\springframework\boot\spring-boot-starter-data-jpa\2.4.5\spring-boot-starter-data-jpa-2.4.5.jar;C:\Users\muhliis\.m2\repository\org\springframework\boot\spring-boot-starter-aop\2.4.5\spring-boot-starter-aop-2.4.5.jar;C:\Users\muhliis\.m2\repository\org\springframework\spring-aop\5.3.6\spring-aop-5.3.6.jar;C:\Users\muhliis\.m2\repository\org\aspectj\aspectjweaver\1.9.6\aspectjweaver-1.9.6.jar;C:\Users\muhliis\.m2\repository\org\springframework\boot\spring-boot-starter-jdbc\2.4.5\spring-boot-starter-jdbc-2.4.5.jar;C:\Users\muhliis\.m2\repository\com\zaxxer\HikariCP\3.4.5\HikariCP-3.4.5.jar;C:\Users\muhliis\.m2\repository\org\springframework\spring-jdbc\5.3.6\spring-jdbc-5.3.6.jar;C:\Users\muhliis\.m2\repository\jakarta\transaction\jakarta.transaction-api\1.3.3\jakarta.transaction-api-1.3.3.jar;C:\Users\muhliis\.m2\repository\jakarta\persistence\jakarta.persistence-api\2.2.3\jakarta.persistence-api-2.2.3.jar;C:\Users\muhliis\.m2\repository\org\hibernate\hibernate-core\5.4.30.Final\hibernate-core-5.4.30.Final.jar;C:\Users\muhliis\.m2\repository\org\jboss\logging\jboss-logging\3.4.1.Final\jboss-logging-3.4.1.Final.jar;C:\Users\muhliis\.m
Launcher Type: SUN_STANDARD

[Global flags]
     intx CICompilerCount                          = 4                                         {product} {ergonomic}
     uint ConcGCThreads                            = 2                                         {product} {ergonomic}
     uint G1ConcRefinementThreads                  = 8                                         {product} {ergonomic}
   size_t G1HeapRegionSize                         = 1048576                                   {product} {ergonomic}
    uintx GCDrainStackTargetSize                   = 64                                        {product} {ergonomic}
   size_t InitialHeapSize                          = 67108864                                  {product} {ergonomic}
   size_t MarkStackSize                            = 4194304                                   {product} {ergonomic}
   size_t MaxHeapSize                              = 1044381696                                {product} {ergonomic}
   size_t MaxNewSize                               = 625999872                                 {product} {ergonomic}
   size_t MinHeapDeltaBytes                        = 1048576                                   {product} {ergonomic}
   size_t MinHeapSize                              = 8388608                                   {product} {ergonomic}
    uintx NonNMethodCodeHeapSize                   = 5839372                                {pd product} {ergonomic}
    uintx NonProfiledCodeHeapSize                  = 122909434                              {pd product} {ergonomic}
    uintx ProfiledCodeHeapSize                     = 122909434                              {pd product} {ergonomic}
    uintx ReservedCodeCacheSize                    = 251658240                              {pd product} {ergonomic}
     bool SegmentedCodeCache                       = true                                      {product} {ergonomic}
     bool ShowCodeDetailsInExceptionMessages       = true                                   {manageable} {command line}
   size_t SoftMaxHeapSize                          = 1044381696                             {manageable} {ergonomic}
     bool UseCompressedClassPointers               = true                           {product lp64_product} {ergonomic}
     bool UseCompressedOops                        = true                           {product lp64_product} {ergonomic}
     bool UseG1GC                                  = true                                      {product} {ergonomic}
     bool UseLargePagesIndividualAllocation        = false                                  {pd product} {ergonomic}

Logging:
Log output configuration:
 #0: stdout all=warning uptime,level,tags
 #1: stderr all=off uptime,level,tags

Environment Variables:
PATH=C:/Users/muhliis/Eclipse/jee-2021-09/eclipse//plugins/org.eclipse.justj.openjdk.hotspot.jre.full.win32.x86_64_15.0.2.v20210201-0955/jre/bin/server;C:/Users/muhliis/Eclipse/jee-2021-09/eclipse//plugins/org.eclipse.justj.openjdk.hotspot.jre.full.win32.x86_64_15.0.2.v20210201-0955/jre/bin;C:\Program Files\Common Files\Oracle\Java\javapath;C:\Program Files (x86)\Common Files\Oracle\Java\javapath;C:\windows\system32;C:\windows;C:\windows\System32\Wbem;C:\windows\System32\WindowsPowerShell\v1.0\;C:\windows\System32\OpenSSH\;C:\Program Files (x86)\NVIDIA Corporation\PhysX\Common;C:\Program Files\NVIDIA Corporation\NVIDIA NvDLISR;C:\Program Files\dotnet\;C:\Program Files\Microsoft SQL Server\Client SDK\ODBC\130\Tools\Binn\;C:\Program Files (x86)\Microsoft SQL Server\140\Tools\Binn\;C:\Program Files\Microsoft SQL Server\140\Tools\Binn\;C:\Program Files\Microsoft SQL Server\140\DTS\Binn\;C:\Program Files\Microsoft SQL Server\Client SDK\ODBC\170\Tools\Binn\;C:\Program Files (x86)\Microsoft SQL Server\150\Tools\Binn\;C:\Program Files\Microsoft SQL Server\150\Tools\Binn\;C:\Program Files\Microsoft SQL Server\150\DTS\Binn\;C:\Program Files\Microsoft SQL Server\130\Tools\Binn\;C:\Program Files (x86)\Microsoft SQL Server\150\DTS\Binn\;C:\Program Files\Azure Data Studio\bin;C:\WINDOWS\system32;C:\WINDOWS;C:\WINDOWS\System32\Wbem;C:\WINDOWS\System32\WindowsPowerShell\v1.0\;C:\WINDOWS\System32\OpenSSH\;C:\Program Files\Git\cmd;C:\Program Files (x86)\dotnet\;C:\Program Files (x86)\nodejs\;C:\Users\muhliis\AppData\Local\Microsoft\WindowsApps;C:\Users\muhliis\AppData\Local\GitHubDesktop\bin;C:\Users\muhliis\.dotnet\tools;C:\Program Files\Azure Data Studio\bin;C:\Users\muhliis\AppData\Local\Microsoft\WindowsApps;C:\Users\muhliis\AppData\Roaming\npm;C:\Users\muhliis\AppData\Local\Programs\Microsoft VS Code\bin;C:\WINDOWS\System32;
USERNAME=muhliis
OS=Windows_NT
PROCESSOR_IDENTIFIER=Intel64 Family 6 Model 142 Stepping 12, GenuineIntel



---------------  S Y S T E M  ---------------

OS:
 Windows 10 , 64 bit Build 19041 (10.0.19041.1023)
OS uptime: 4 days 8:36 hours

CPU: total 8 (initial active 8) (4 cores per cpu, 2 threads per core) family 6 model 142 stepping 12 microcode 0xb8, cx8, cmov, fxsr, ht, mmx, 3dnowpref, sse, sse2, sse3, ssse3, sse4.1, sse4.2, popcnt, lzcnt, tsc, tscinvbit, avx, avx2, aes, erms, clmul, bmi1, bmi2, adx, fma, vzeroupper, clflush, clflushopt

Memory: 4k page, system-wide physical 3982M (127M free)
TotalPageFile size 16270M (AvailPageFile size 0M)
current process WorkingSet (physical memory assigned to process): 84M, peak: 84M
current process commit charge ("private bytes"): 166M, peak: 167M

vm_info: Java HotSpot(TM) 64-Bit Server VM (16.0.1+9-24) for windows-amd64 JRE (16.0.1+9-24), built on Mar 26 2021 19:31:42 by "mach5one" with MS VC++ 16.7 (VS2019)

END.
